<?xml version="1.0" encoding="UTF-8"?>
<testng-results skipped="0" failed="0" total="1" passed="1">
  <reporter-output>
  </reporter-output>
  <suite name="Default suite" duration-ms="36577" started-at="2021-01-15T11:14:27Z" finished-at="2021-01-15T11:15:03Z">
    <groups>
    </groups>
    <test name="Default test" duration-ms="36577" started-at="2021-01-15T11:14:27Z" finished-at="2021-01-15T11:15:03Z">
      <class name="koboPackages.signUp">
        <test-method status="PASS" signature="signUpStart()[pri:0, instance:koboPackages.signUp@36f0f1be]" name="signUpStart" duration-ms="36549" started-at="2021-01-15T12:14:27Z" finished-at="2021-01-15T12:15:03Z">
          <reporter-output>
          </reporter-output>
        </test-method> <!-- signUpStart -->
      </class> <!-- koboPackages.signUp -->
    </test> <!-- Default test -->
  </suite> <!-- Default suite -->
</testng-results>
